<?xml version="1.0" encoding="UTF-8"?>
<testsuite xmlns:xsi="http://www.w3.org/2001/XMLSchema-instance" xsi:noNamespaceSchemaLocation="https://maven.apache.org/surefire/maven-surefire-plugin/xsd/surefire-test-report-3.0.xsd" version="3.0" name="com.SoftQual.SQ.SqApplicationTests" time="11.785" tests="1" errors="0" skipped="0" failures="0">
  <properties>
[...]
</properties>
  <testcase name="contextLoads" classname="com.SoftQual.SQ.SqApplicationTests" time="1.639">
    <system-out><![CDATA[08:39:35.175 [main] INFO org.springframework.test.context.support.AnnotationConfigContextLoaderUtils -- Could not detect default configuration classes for test class [com.SoftQual.SQ.SqApplicationTests]: SqApplicationTests does not declare any static, non-private, non-final, nested classes annotated with @Configuration.
08:39:35.386 [main] INFO org.springframework.boot.test.context.SpringBootTestContextBootstrapper -- Found @SpringBootConfiguration com.SoftQual.SQ.SqApplication for test class com.SoftQual.SQ.SqApplicationTests
08:39:35.753 [main] INFO org.springframework.boot.devtools.restart.RestartApplicationListener -- Restart disabled due to context in which it is running

  .   ____          _            __ _ _
 /\\ / ___'_ __ _ _(_)_ __  __ _ \ \ \ \
( ( )\___ | '_ | '_| | '_ \/ _` | \ \ \ \
 \\/  ___)| |_)| | | | | || (_| |  ) ) ) )
  '  |____| .__|_| |_|_| |_\__, | / / / /
 =========|_|==============|___/=/_/_/_/
 :: Spring Boot ::                (v3.2.4)

2024-04-12T08:39:36.167-03:00  INFO 11256 --- [           main] com.SoftQual.SQ.SqApplicationTests       : Starting SqApplicationTests using Java 17.0.10 with PID 11256 (started by pedro in C:\Users\pedro\repstry\Software-Quality\SQ)
2024-04-12T08:39:36.167-03:00  INFO 11256 --- [           main] com.SoftQual.SQ.SqApplicationTests       : No active profile set, falling back to 1 default profile: "default"
2024-04-12T08:39:38.053-03:00  INFO 11256 --- [           main] .s.d.r.c.RepositoryConfigurationDelegate : Bootstrapping Spring Data JPA repositories in DEFAULT mode.
2024-04-12T08:39:38.115-03:00  INFO 11256 --- [           main] .s.d.r.c.RepositoryConfigurationDelegate : Finished Spring Data repository scanning in 29 ms. Found 0 JPA repository interfaces.
2024-04-12T08:39:39.532-03:00  INFO 11256 --- [           main] com.zaxxer.hikari.HikariDataSource       : HikariPool-1 - Starting...
2024-04-12T08:39:39.991-03:00  INFO 11256 --- [           main] com.zaxxer.hikari.pool.HikariPool        : HikariPool-1 - Added connection conn0: url=jdbc:h2:mem:1f5782c7-9452-43f2-9a25-60a4698e7fb9 user=SA
2024-04-12T08:39:39.991-03:00  INFO 11256 --- [           main] com.zaxxer.hikari.HikariDataSource       : HikariPool-1 - Start completed.
2024-04-12T08:39:40.085-03:00  INFO 11256 --- [           main] o.hibernate.jpa.internal.util.LogHelper  : HHH000204: Processing PersistenceUnitInfo [name: default]
2024-04-12T08:39:40.195-03:00  INFO 11256 --- [           main] org.hibernate.Version                    : HHH000412: Hibernate ORM core version 6.4.4.Final
2024-04-12T08:39:40.257-03:00  INFO 11256 --- [           main] o.h.c.internal.RegionFactoryInitiator    : HHH000026: Second-level cache disabled
2024-04-12T08:39:40.804-03:00  INFO 11256 --- [           main] o.s.o.j.p.SpringPersistenceUnitInfo      : No LoadTimeWeaver setup: ignoring JPA class transformer
2024-04-12T08:39:41.557-03:00  INFO 11256 --- [           main] o.h.e.t.j.p.i.JtaPlatformInitiator       : HHH000489: No JTA platform available (set 'hibernate.transaction.jta.platform' to enable JTA platform integration)
2024-04-12T08:39:41.564-03:00  INFO 11256 --- [           main] j.LocalContainerEntityManagerFactoryBean : Initialized JPA EntityManagerFactory for persistence unit 'default'
2024-04-12T08:39:42.014-03:00  WARN 11256 --- [           main] JpaBaseConfiguration$JpaWebConfiguration : spring.jpa.open-in-view is enabled by default. Therefore, database queries may be performed during view rendering. Explicitly configure spring.jpa.open-in-view to disable this warning
2024-04-12T08:39:42.130-03:00  INFO 11256 --- [           main] o.s.b.a.w.s.WelcomePageHandlerMapping    : Adding welcome page: class path resource [static/index.html]
2024-04-12T08:39:43.088-03:00  WARN 11256 --- [           main] ion$DefaultTemplateResolverConfiguration : Cannot find template location: classpath:/templates/ (please add some templates, check your Thymeleaf configuration, or set spring.thymeleaf.check-template-location=false)
2024-04-12T08:39:44.001-03:00  WARN 11256 --- [           main] .s.s.UserDetailsServiceAutoConfiguration : 

Using generated security password: 238b4db7-4689-4b58-be6a-14f7d4c2f8f1

This generated password is for development use only. Your security configuration must be updated before running your application in production.

2024-04-12T08:39:44.317-03:00  INFO 11256 --- [           main] o.s.b.a.e.web.EndpointLinksResolver      : Exposing 1 endpoint(s) beneath base path '/actuator'
2024-04-12T08:39:44.388-03:00  INFO 11256 --- [           main] o.s.s.web.DefaultSecurityFilterChain     : Will secure any request with [org.springframework.security.web.session.DisableEncodeUrlFilter@229c4d34, org.springframework.security.web.context.request.async.WebAsyncManagerIntegrationFilter@5b49b1df, org.springframework.security.web.context.SecurityContextHolderFilter@62cb977a, org.springframework.security.web.header.HeaderWriterFilter@36c1b6ff, org.springframework.web.filter.CorsFilter@689eab53, org.springframework.security.web.csrf.CsrfFilter@5b53c3c5, org.springframework.security.web.authentication.logout.LogoutFilter@48d24d63, org.springframework.security.web.authentication.UsernamePasswordAuthenticationFilter@712213ed, org.springframework.security.web.authentication.ui.DefaultLoginPageGeneratingFilter@673a5aa7, org.springframework.security.web.authentication.ui.DefaultLogoutPageGeneratingFilter@1c24639e, org.springframework.security.web.authentication.www.BasicAuthenticationFilter@6046fba0, org.springframework.security.web.savedrequest.RequestCacheAwareFilter@1104ad6a, org.springframework.security.web.servletapi.SecurityContextHolderAwareRequestFilter@8aafd70, org.springframework.security.web.authentication.AnonymousAuthenticationFilter@5c9168c3, org.springframework.security.web.access.ExceptionTranslationFilter@2571bdf4, org.springframework.security.web.access.intercept.AuthorizationFilter@6ce8bf64]
2024-04-12T08:39:44.867-03:00  INFO 11256 --- [           main] com.SoftQual.SQ.SqApplicationTests       : Started SqApplicationTests in 9.139 seconds (process running for 12.353)
]]></system-out>
  </testcase>
</testsuite>