<?xml version="1.0" encoding="UTF-8"?>
<testsuite xmlns:xsi="http://www.w3.org/2001/XMLSchema-instance" xsi:noNamespaceSchemaLocation="https://maven.apache.org/surefire/maven-surefire-plugin/xsd/surefire-test-report-3.0.xsd" version="3.0" name="com.SoftQual.SQ.SqApplicationTests" time="10.533" tests="1" errors="0" skipped="0" failures="0">
  <properties>
[...]
</properties>
  <testcase name="contextLoads" classname="com.SoftQual.SQ.SqApplicationTests" time="1.235">
    <system-out><![CDATA[01:00:42.322 [main] INFO org.springframework.test.context.support.AnnotationConfigContextLoaderUtils -- Could not detect default configuration classes for test class [com.SoftQual.SQ.SqApplicationTests]: SqApplicationTests does not declare any static, non-private, non-final, nested classes annotated with @Configuration.
01:00:42.503 [main] INFO org.springframework.boot.test.context.SpringBootTestContextBootstrapper -- Found @SpringBootConfiguration com.Softqual.SQ.SqApplication for test class com.SoftQual.SQ.SqApplicationTests
01:00:42.838 [main] INFO org.springframework.boot.devtools.restart.RestartApplicationListener -- Restart disabled due to context in which it is running

  .   ____          _            __ _ _
 /\\ / ___'_ __ _ _(_)_ __  __ _ \ \ \ \
( ( )\___ | '_ | '_| | '_ \/ _` | \ \ \ \
 \\/  ___)| |_)| | | | | || (_| |  ) ) ) )
  '  |____| .__|_| |_|_| |_\__, | / / / /
 =========|_|==============|___/=/_/_/_/
 :: Spring Boot ::                (v3.2.4)

2024-05-29T01:00:43.224-03:00  INFO 6736 --- [           main] com.SoftQual.SQ.SqApplicationTests       : Starting SqApplicationTests using Java 17.0.10 with PID 6736 (started by pedro in c:\Users\pedro\repstry\Software-Quality)
2024-05-29T01:00:43.224-03:00  INFO 6736 --- [           main] com.SoftQual.SQ.SqApplicationTests       : No active profile set, falling back to 1 default profile: "default"
2024-05-29T01:00:45.073-03:00  INFO 6736 --- [           main] .s.d.r.c.RepositoryConfigurationDelegate : Bootstrapping Spring Data JPA repositories in DEFAULT mode.
2024-05-29T01:00:45.120-03:00  INFO 6736 --- [           main] .s.d.r.c.RepositoryConfigurationDelegate : Finished Spring Data repository scanning in 23 ms. Found 0 JPA repository interfaces.
2024-05-29T01:00:46.329-03:00  INFO 6736 --- [           main] com.zaxxer.hikari.HikariDataSource       : HikariPool-1 - Starting...
2024-05-29T01:00:46.777-03:00  INFO 6736 --- [           main] com.zaxxer.hikari.pool.HikariPool        : HikariPool-1 - Added connection conn0: url=jdbc:h2:mem:9d10c549-09e4-4531-81f8-795bfd297d21 user=SA
2024-05-29T01:00:46.777-03:00  INFO 6736 --- [           main] com.zaxxer.hikari.HikariDataSource       : HikariPool-1 - Start completed.
2024-05-29T01:00:46.885-03:00  INFO 6736 --- [           main] o.hibernate.jpa.internal.util.LogHelper  : HHH000204: Processing PersistenceUnitInfo [name: default]
2024-05-29T01:00:47.034-03:00  INFO 6736 --- [           main] org.hibernate.Version                    : HHH000412: Hibernate ORM core version 6.4.4.Final
2024-05-29T01:00:47.105-03:00  INFO 6736 --- [           main] o.h.c.internal.RegionFactoryInitiator    : HHH000026: Second-level cache disabled
2024-05-29T01:00:47.578-03:00  INFO 6736 --- [           main] o.s.o.j.p.SpringPersistenceUnitInfo      : No LoadTimeWeaver setup: ignoring JPA class transformer
2024-05-29T01:00:48.264-03:00  INFO 6736 --- [           main] o.h.e.t.j.p.i.JtaPlatformInitiator       : HHH000489: No JTA platform available (set 'hibernate.transaction.jta.platform' to enable JTA platform integration)
2024-05-29T01:00:48.279-03:00  INFO 6736 --- [           main] j.LocalContainerEntityManagerFactoryBean : Initialized JPA EntityManagerFactory for persistence unit 'default'
2024-05-29T01:00:48.680-03:00  WARN 6736 --- [           main] JpaBaseConfiguration$JpaWebConfiguration : spring.jpa.open-in-view is enabled by default. Therefore, database queries may be performed during view rendering. Explicitly configure spring.jpa.open-in-view to disable this warning
2024-05-29T01:00:48.790-03:00  INFO 6736 --- [           main] o.s.b.a.w.s.WelcomePageHandlerMapping    : Adding welcome page: class path resource [static/index.html]
2024-05-29T01:00:49.534-03:00  WARN 6736 --- [           main] ion$DefaultTemplateResolverConfiguration : Cannot find template location: classpath:/templates/ (please add some templates, check your Thymeleaf configuration, or set spring.thymeleaf.check-template-location=false)
2024-05-29T01:00:50.484-03:00  WARN 6736 --- [           main] .s.s.UserDetailsServiceAutoConfiguration : 

Using generated security password: 069221c4-8cb8-4017-ace8-116da8a741b0

This generated password is for development use only. Your security configuration must be updated before running your application in production.

2024-05-29T01:00:50.799-03:00  INFO 6736 --- [           main] o.s.b.a.e.web.EndpointLinksResolver      : Exposing 1 endpoint(s) beneath base path '/actuator'
2024-05-29T01:00:50.848-03:00  INFO 6736 --- [           main] o.s.s.web.DefaultSecurityFilterChain     : Will secure any request with [org.springframework.security.web.session.DisableEncodeUrlFilter@4645a575, org.springframework.security.web.context.request.async.WebAsyncManagerIntegrationFilter@b332eda, org.springframework.security.web.context.SecurityContextHolderFilter@7c816f46, org.springframework.security.web.header.HeaderWriterFilter@3fed0c04, org.springframework.web.filter.CorsFilter@6bf70600, org.springframework.security.web.csrf.CsrfFilter@7dd847a2, org.springframework.security.web.authentication.logout.LogoutFilter@5aa5b3af, org.springframework.security.web.authentication.UsernamePasswordAuthenticationFilter@4202bfe8, org.springframework.security.web.authentication.ui.DefaultLoginPageGeneratingFilter@705dc1a6, org.springframework.security.web.authentication.ui.DefaultLogoutPageGeneratingFilter@3ca5da54, org.springframework.security.web.authentication.www.BasicAuthenticationFilter@1fd77205, org.springframework.security.web.savedrequest.RequestCacheAwareFilter@724e0a77, org.springframework.security.web.servletapi.SecurityContextHolderAwareRequestFilter@5812935, org.springframework.security.web.authentication.AnonymousAuthenticationFilter@57a0aeb8, org.springframework.security.web.access.ExceptionTranslationFilter@4babe06f, org.springframework.security.web.access.intercept.AuthorizationFilter@34c2e03d]
2024-05-29T01:00:51.269-03:00  INFO 6736 --- [           main] com.SoftQual.SQ.SqApplicationTests       : Started SqApplicationTests in 8.446 seconds (process running for 10.284)
]]></system-out>
  </testcase>
</testsuite>